<?xml version="1.0" encoding="UTF-8"?>
<!-- Generated by org.testng.reporters.JUnitReportReporter -->
<testsuite name="Tests.LoginTest" tests="1" time="0.000" ignored="0" failures="0" timestamp="24 Jun 2017 05:54:01 GMT" skipped="1" hostname="PUN-1VGCT12" errors="0">
  <testcase name="successfullLogin" time="0.000" classname="Tests.LoginTest">
    <skipped/>
  </testcase> <!-- successfullLogin -->
</testsuite> <!-- Tests.LoginTest -->
