<?xml version="1.0" encoding="UTF-8"?>
<!-- Generated by org.testng.reporters.JUnitReportReporter -->
<testsuite name="com.dc4.webfulfillment.testscripts.LoginTest" tests="1" time="0.000" ignored="0" failures="0" timestamp="28 Jun 2017 07:12:19 GMT" skipped="1" hostname="PUN-2CBXJC2" errors="0">
  <testcase name="successfullLogin" time="0.000" classname="com.dc4.webfulfillment.testscripts.LoginTest">
    <skipped/>
  </testcase> <!-- successfullLogin -->
</testsuite> <!-- com.dc4.webfulfillment.testscripts.LoginTest -->
