<?xml version="1.0" encoding="UTF-8"?>
<!-- Generated by org.testng.reporters.JUnitReportReporter -->
<testsuite name="com.dc4.webfulfillment.testscripts.WebFulfillmentTest" tests="3" time="16.406" ignored="0" failures="0" timestamp="30 Jun 2017 06:22:14 GMT" skipped="0" hostname="PUN-2CBXJC2" errors="0">
  <testcase name="successfullLogin" time="8.501" classname="com.dc4.webfulfillment.testscripts.WebFulfillmentTest"/>
  <testcase name="searchCompanyUsingSalesForce" time="4.814" classname="com.dc4.webfulfillment.testscripts.WebFulfillmentTest"/>
  <testcase name="searchCompany" time="3.091" classname="com.dc4.webfulfillment.testscripts.WebFulfillmentTest"/>
</testsuite> <!-- com.dc4.webfulfillment.testscripts.WebFulfillmentTest -->
